1567905434118	mozrunner::runner	INFO	Running command: "C:\\Program Files\\Mozilla Firefox\\firefox.exe" "-marionette" "-foreground" "-no-remote" "-profile" "C:\\Users\\qpmch\\AppData\\Local\\Temp\\rust_mozprofile.GbNBZjcgfeOb"
1567905434747	addons.webextension.screenshots@mozilla.org	WARN	Loading extension 'screenshots@mozilla.org': Reading manifest: Invalid extension permission: mozillaAddons
1567905434747	addons.webextension.screenshots@mozilla.org	WARN	Loading extension 'screenshots@mozilla.org': Reading manifest: Invalid extension permission: telemetry
1567905434747	addons.webextension.screenshots@mozilla.org	WARN	Loading extension 'screenshots@mozilla.org': Reading manifest: Invalid extension permission: resource://pdf.js/
1567905434748	addons.webextension.screenshots@mozilla.org	WARN	Loading extension 'screenshots@mozilla.org': Reading manifest: Invalid extension permission: about:reader*
JavaScript error: resource://gre/modules/XULStore.jsm, line 66: Error: Can't find profile directory.
1567905438126	Marionette	INFO	Listening on port 56259
1567905438447	Marionette	WARN	TLS certificate errors will be ignored for this session
[Parent 6124, Gecko_IOThread] WARNING: pipe error: 109: file z:/task_1566864336/build/src/ipc/chromium/src/chrome/common/ipc_channel_win.cc, line 341
[Child 4156, Chrome_ChildThread] WARNING: pipe error: 109: file z:/task_1566864336/build/src/ipc/chromium/src/chrome/common/ipc_channel_win.cc, line 341
[Child 4156, Chrome_ChildThread] WARNING: pipe error: 1[Parent 6124, Gecko_IOThread] WARNING: pipe error: 109: file z:/task_1566864336/build/src/ipc/chromium/src/chrome/common/ipc_channel_win.cc, line 341
[Child 6360, C1567905517359	Marionette	INFO	Stopped listening on port 56259

###!!! [Child][RunMessage] Error: Channel closing: too late to send/recv, messages will be lost

[GPU 172, C
###!!! [Child][MessageChannel::SendAndWait] Error: Channel error: cannot send/recv

ozilla.org	WARN	Loading extension 'screenshots@mozilla.org': Reading manifest: Invalid extension permission: about:reader*
JavaScript error: resource://gre/modules/XULStore.jsm, line 66: Error: Can't find profile directory.
1567905446932	Marionette	INFO	Listening on port 56296
1567905447162	Marionette	WARN	TLS certificate errors will be ignored for this session
1567905453004	Marionette	WARN	TimedPromise timed out after 500 ms: stacktrace:
bail@chrome://marionette/content/sync.js:237:64
popup@https://connect.facebook.net/en_US/sdk.js?hash=c5fb5163d11ade6c2bf8fa73e8a44584:149:8231
a@https://connect.facebook.net/en_US/sdk.js?hash=c5fb5163d11ade6c2bf8fa73e8a44584:150:1634
login@https://connect.facebook.net/en_US/sdk.js?hash=c5fb5163d11ade6c2bf8fa73e8a44584:151:1039
i/<@https://connect.facebook.net/en_US/sdk.js?hash=c5fb5163d11ade6c2bf8fa73e8a44584:113:1071
f/<@https://connect.facebook.net/en_US/sdk.js?hash=c5fb5163d11ade6c2bf8fa73e8a44584:111:288
e/</<@https://tinder.com/static/build/chunks/main-7f4c712628b37f8f169e.js:2:242802
e/<@https://tinder.com/static/build/chunks/main-7f4c712628b37f8f169e.js:2:242717
s@https://tinder.com/static/build/chunks/vendor-e07dfae1510c953ac888.js:8:106012
c/i._invoke</<@https://tinder.com/static/build/chunks/vendor-e07dfae1510c953ac888.js:8:105799
x/</t[e]@https://tinder.com/static/build/chunks/vendor-e07dfae1510c953ac888.js:8:106435
n@https://tinder.com/static/build/chunks/main-7f4c712628b37f8f169e.js:2:106974
o@https://tinder.com/static/build/chunks/main-7f4c712628b37f8f169e.js:2:107184
e.exports/</<@https://tinder.com/static/build/chunks/main-7f4c712628b37f8f169e.js:2:107243
e.exports/<@https://tinder.com/static/build/chunks/main-7f4c712628b37f8f169e.js:2:107125
y</<.value<@https://tinder.com/static/build/chunks/main-7f4c712628b37f8f169e.js:2:243185
e/<@https://tinder.com/static/build/chunks/main-7f4c712628b37f8f169e.js:2:45848
s@https://tinder.com/static/build/chunks/vendor-e07dfae1510c953ac888.js:8:106012
c/i._invoke</<@https://tinder.com/static/build/chunks/vendor-e07dfae1510c953ac888.js:8:105799
x/</t[e]@https://tinder.com/static/build/chunks/vendor-e07dfae1510c953ac888.js:8:106435
n@https://tinder.com/static/build/chunks/main-7f4c712628b37f8f169e.js:2:106974
o@https://tinder.com/static/build/chunks/main-7f4c712628b37f8f169e.js:2:107184
e.exports/</<@https://tinder.com/static/build/chunks/main-7f4c712628b37f8f169e.js:2:107243
e.exports/<@https://tinder.com/static/build/chunks/main-7f4c712628b37f8f169e.js:2:107125
J.login<@https://tinder.com/static/build/chunks/main-7f4c712628b37f8f169e.js:2:46178
e/<@https://tinder.com/static/build/chunks/main-7f4c712628b37f8f169e.js:2:40083
s@https://tinder.com/static/build/chunks/vendor-e07dfae1510c953ac888.js:8:106012
c/i._invoke</<@https://tinder.com/static/build/chunks/vendor-e07dfae1510c953ac888.js:8:105799
x/</t[e]@https://tinder.com/static/build/chunks/vendor-e07dfae1510c953ac888.js:8:106435
n@https://tinder.com/static/build/chunks/main-7f4c712628b37f8f169e.js:2:106974
o@https://tinder.com/static/build/chunks/main-7f4c712628b37f8f169e.js:2:107184
e.exports/</<@https://tinder.com/static/build/chunks/main-7f4c712628b37f8f169e.js:2:107243
e.exports/<@https://tinder.com/static/build/chunks/main-7f4c712628b37f8f169e.js:2:107125
N</<.value<@https://tinder.com/static/build/chunks/main-7f4c712628b37f8f169e.js:2:40921
R/<@https://tinder.com/static/build/chunks/vendor-e07dfae1510c953ac888.js:2:130591
R@https://tinder.com/static/build/chunks/vendor-e07dfae1510c953ac888.js:2:130693
N@https://tinder.com/static/build/chunks/vendor-e07dfae1510c953ac888.js:2:128585
y@https://tinder.com/static/build/chunks/vendor-e07dfae1510c953ac888.js:2:128252
L@https://tinder.com/static/build/chunks/vendor-e07dfae1510c953ac888.js:2:131896
R@https://tinder.com/static/build/chunks/vendor-e07dfae1510c953ac888.js:2:129569
N@https://tinder.com/static/build/chunks/vendor-e07dfae1510c953ac888.js:2:128585
w@https://tinder.com/static/build/chunks/vendor-e07dfae1510c953ac888.js:2:129364
R/<@https://tinder.com/static/build/chunks/vendor-e07dfae1510c953ac888.js:2:131334
R@https://tinder.com/static/build/chunks/vendor-e07dfae1510c953ac888.js:2:131358
N@https://tinder.com/static/build/chunks/vendor-e07dfae1510c953ac888.js:2:128585
w@https://tinder.com/static/build/chunks/vendor-e07dfae1510c953ac888.js:2:129364
R/<@https://tinder.com/static/build/chunks/vendor-e07dfae1510c953ac888.js:2:131334
R@https://tinder.com/static/build/chunks/vendor-e07dfae1510c953ac888.js:2:131358
N@https://tinder.com/static/build/chunks/vendor-e07dfae1510c953ac888.js:2:128585
w@https://tinder.com/static/build/chunks/vendor-e07dfae1510c953ac888.js:2:129364
R/<@https://tinder.com/static/build/chunks/vendor-e07dfae1510c953ac888.js:2:131334
R@https://tinder.com/static/build/chunks/vendor-e07dfae1510c953ac888.js:2:131358
N@https://tinder.com/static/build/chunks/vendor-e07dfae1510c953ac888.js:2:128585
w@https://tinder.com/static/build/chunks/vendor-e07dfae1510c953ac888.js:2:129364
R/<@https://tinder.com/static/build/chunks/vendor-e07dfae1510c953ac888.js:2:131334
R@https://tinder.com/static/build/chunks/vendor-e07dfae1510c953ac888.js:2:131358
N@https://tinder.com/static/build/chunks/vendor-e07dfae1510c953ac888.js:2:128585
w@https://tinder.com/static/build/chunks/vendor-e07dfae1510c953ac888.js:2:129364
R/<@https://tinder.com/static/build/chunks/vendor-e07dfae1510c953ac888.js:2:131334
R@https://tinder.com/static/build/chunks/vendor-e07dfae1510c953ac888.js:2:131358
N@https://tinder.com/static/build/chunks/vendor-e07dfae1510c953ac888.js:2:128585
y@https://tinder.com/static/build/chunks/vendor-e07dfae1510c953ac888.js:2:128252
L@https://tinder.com/static/build/chunks/vendor-e07dfae1510c953ac888.js:2:131896
R/<@https://tinder.com/static/build/chunks/vendor-e07dfae1510c953ac888.js:2:130671
R@https://tinder.com/static/build/chunks/vendor-e07dfae1510c953ac888.js:2:130693
N@https://tinder.com/static/build/chunks/vendor-e07dfae1510c953ac888.js:2:128585
y@https://tinder.com/static/build/chunks/vendor-e07dfae1510c953ac888.js:2:128252
z@https://tinder.com/static/build/chunks/vendor-e07dfae1510c953ac888.js:2:132319
R@https://tinder.com/static/build/chunks/vendor-e07dfae1510c953ac888.js:2:130943
N@https://tinder.com/static/build/chunks/vendor-e07dfae1510c953ac888.js:2:128585
w@https://tinder.com/static/build/chunks/vendor-e07dfae1510c953ac888.js:2:129364
u@https://tinder.com/static/build/chunks/vendor-e07dfae1510c953ac888.js:2:129754
put@https://tinder.com/static/build/chunks/vendor-e07dfae1510c953ac888.js:2:155704
p/s<@https://tinder.com/static/build/chunks/vendor-e07dfae1510c953ac888.js:2:156081
d/e</</<@https://tinder.com/static/build/chunks/vendor-e07dfae1510c953ac888.js:2:156353
i@https://tinder.com/static/build/chunks/vendor-e07dfae1510c953ac888.js:2:183510
s@https://tinder.com/static/build/chunks/vendor-e07dfae1510c953ac888.js:2:183660
u@https://tinder.com/static/build/chunks/vendor-e07dfae1510c953ac888.js:2:183559
d/e</<@https://tinder.com/static/build/chunks/vendor-e07dfae1510c953ac888.js:2:156333
emit@https://tinder.com/static/build/chunks/vendor-e07dfae1510c953ac888.js:2:154709
s/</<@https://tinder.com/static/build/chunks/vendor-e07dfae1510c953ac888.js:2:134876
l/<@https://tinder.com/static/build/chunks/vendor-e07dfae1510c953ac888.js:2:166829
e/<@https://tinder.com/static/build/chunks/FacebookLoginButton-c7584feca28641f7728b.js:2:804
w/<@https://tinder.com/static/build/chunks/vendor-e07dfae1510c953ac888.js:24:1153
w@https://tinder.com/static/build/chunks/vendor-e07dfae1510c953ac888.js:24:1191
S/<@https://tinder.com/static/build/chunks/vendor-e07dfae1510c953ac888.js:24:1338
S@https://tinder.com/static/build/chunks/vendor-e07dfae1510c953ac888.js:24:1425
T@https://tinder.com/static/build/chunks/vendor-e07dfae1510c953ac888.js:24:1851
k@https://tinder.com/static/build/chunks/vendor-e07dfae1510c953ac888.js:24:1686
I@https://tinder.com/static/build/chunks/vendor-e07dfae1510c953ac888.js:24:2034
Pn@https://tinder.com/static/build/chunks/vendor-e07dfae1510c953ac888.js:24:31068
Dn@https://tinder.com/static/build/chunks/vendor-e07dfae1510c953ac888.js:24:31656
e.unstable_runWithPriority@https://tinder.com/static/build/chunks/vendor-e07dfae1510c953ac888.js:32:3884
so@https://tinder.com/static/build/chunks/vendor-e07dfae1510c953ac888.js:24:41542
Ra@https://tinder.com/static/build/chunks/vendor-e07dfae1510c953ac888.js:24:80058
Rn/r<@https://tinder.com/static/build/chunks/vendor-e07dfae1510c953ac888.js:24:31207
event.synthesizeMouseAtPoint@chrome://marionette/content/event.js:213:14
webdriverClickElement@chrome://marionette/content/interaction.js:192:11
JavaScript error: resource:///modules/UrlbarInput.jsm, line 235: TypeError: this._inputFieldEvents is undefined
[Parent 12600, Gecko_IOThread] WARNING: pipe error: 109: file z:/task_1566864336/build/src/ipc/chromium/src/chrome/common/ipc_channel_win.cc, line 341
[Parent 12600, Gecko_IOThread] WARNING: pipe error: 109: file z:/task_1566864336/build/src/ipc/chromium/src/chrome/common/ipc_channel_win.cc, line 341
1567905504373	Marionette	INFO	Stopped listening on port 56296

###!!! [Child][RunMessage] Error: Channel closing: too late to send/recv, messages will be lost

[GPU 2288
###!!! [Child][MessageChannel::SendAndWait] Error: Channel error: cannot send/recv

1567905514528	mozrunner::runner	INFO	Running command: "C:\\Program Files\\Mozilla Firefox\\firefox.exe" "-marionette" "-foreground" "-no-remote" "-profile" "C:\\Users\\qpmch\\AppData\\Local\\Temp\\rust_mozprofile.H5mYjJSziy0a"
1567905515139	addons.webextension.screenshots@mozilla.org	WARN	Loading extension 'screenshots@mozilla.org': Reading manifest: Invalid extension permission: mozillaAddons
1567905515139	addons.webextension.screenshots@mozilla.org	WARN	Loading extension 'screenshots@mozilla.org': Reading manifest: Invalid extension permission: telemetry
1567905515139	addons.webextension.screenshots@mozilla.org	WARN	Loading extension 'screenshots@mozilla.org': Reading manifest: Invalid extension permission: resource://pdf.js/
1567905515139	addons.webextension.screenshots@mozilla.org	WARN	Loading extension 'screenshots@mozilla.org': Reading manifest: Invalid extension permission: about:reader*
JavaScript error: resource://gre/modules/XULStore.jsm, line 66: Error: Can't find profile directory.
1567905517945	Marionette	INFO	Listening on port 56433
1567905518364	Marionette	WARN	TLS certificate errors will be ignored for this session
[Child 3212, Chrome_ChildThread] WARNING: pipe error: 109: file z:/task_1566864336/build/src/ipc/chromium/src/chrome/common/ipc_channel_win.cc, line 341
[Child 3212, Chrome_ChildThread] WARNING: pipe error: 109: file z:/task_156[Parent 18020, Gecko_IOThread] WARNING: pipe error: 109: file z:/task_1566864336/build/src/ipc/chromium/src/chrome/common/ipc_channel_win.cc, line 341
[Child 6376, Chrome_ChildThread] WARNING: pipe error: 109: file z:/task_1566864336/build/src/ipc/chromium/src/chrome/common/ipc_channel_win.cc, line 341
[Child 6376, Chrome_ChildThread] WARNING: pipe error: 109: file z:/task_1566864336/build/src/ipc/chromium/src/chrome/c[Parent 18020, Gecko_IOThread] WARNING: pipe error: 109: file z:/task_1566864336/build/src/ipc/chromium/src/chrome/common/ipc_channel_win.cc, line 341
[Child 14596, Chrome_ChildThread] WARNING: pipe error: 109: file z:/task_1566864336/build/src/ipc/chromium/src/chrome/common/ipc_channel_win.cc, line 341
[Child 1567905559922	Marionette	INFO	Stopped listening on port 56433

###!!! [Child][RunMessage] Error: Channel closing: too late to send/recv, messages will be lost

[GPU 1805
###!!! [Child][MessageChannel::SendAndWait] Error: Channel error: cannot send/recv

trace:
bail@chrome://marionette/content/sync.js:237:64
JavaScript error: resource:///modules/UrlbarInput.jsm, line 235: TypeError: this._inputFieldEvents is undefined
[Child 11196, Chrome_ChildThread] WARNING: pipe error: 109: file z:/task_1566864336/build/src/ipc/chromium/src/chrome/common/ipc_channel_win.cc, line 341
[Child 11196, Chrome_Chil[Parent 11352, Gecko_IOThread] WARNING: pipe error: 109: file z:/task_1566864336/build/src/ipc/chromium/src/chrome/common/ipc_channel_win.cc, line 341
[Child 17436, Chrome_ChildThread] WARNING: pipe error: 109: file z:/task_1566864336/build/src/ipc/chromium/src/chrome/common/ipc_channel_win.cc, line 341
[Child1567905547118	Marionette	INFO	Stopped listening on port 56468

###!!! [Child][RunMessage] Error: Channel closing: too late to send/recv, messages will be lost

[GPU 2488
###!!! [Child][MessageChannel::SendAndWait] Error: Channel error: cannot send/recv

1567905563648	mozrunner::runner	INFO	Running command: "C:\\Program Files\\Mozilla Firefox\\firefox.exe" "-marionette" "-foreground" "-no-remote" "-profile" "C:\\Users\\qpmch\\AppData\\Local\\Temp\\rust_mozprofile.QGVVxCalOE9n"
1567905564090	addons.webextension.screenshots@mozilla.org	WARN	Loading extension 'screenshots@mozilla.org': Reading manifest: Invalid extension permission: mozillaAddons
1567905564090	addons.webextension.screenshots@mozilla.org	WARN	Loading extension 'screenshots@mozilla.org': Reading manifest: Invalid extension permission: telemetry
1567905564090	addons.webextension.screenshots@mozilla.org	WARN	Loading extension 'screenshots@mozilla.org': Reading manifest: Invalid extension permission: resource://pdf.js/
1567905564090	addons.webextension.screenshots@mozilla.org	WARN	Loading extension 'screenshots@mozilla.org': Reading manifest: Invalid extension permission: about:reader*
JavaScript error: resource://gre/modules/XULStore.jsm, line 66: Error: Can't find profile directory.
1567905565998	Marionette	INFO	Listening on port 56572
1567905566585	Marionette	WARN	TLS certificate errors will be ignored for this session
IPDL protocol error: Handler returned error code!

###!!! [Parent][DispatchAsyncMessage] Error: PMessagePort::Msg_PostMessages Processing error: message was deserialized, but the handler returned false (indicating failure)

[Child 8604, Chrome_ChildThread] WARNING: pipe error: 109: file z:/task_1566864336/build/src/ipc/chromium/src/chrome/common/ipc_channel_win.cc, line 341
[Child [Parent 4156, Gecko_IOThread] WARNING: pipe error: 109: file z:/task_1566864336/build/src/ipc/chromium/src/chrome/common/ipc_channel_win.cc, line 341
[Child 14412, Chrome_ChildThread] WARNING: pipe error: 109: file z:/task_1566864336/build/src/ipc/chromium/src/chrome/common/ipc_channel_win.cc, line 341
[Child 14412, Chrome_ChildThread] WARNING: pipe error: 109: file z:/task_1566864336/build/src/ipc/chromium/src/chrome/common/ipc_channel_win.cc, line 341
1567905632329	Marionette	INFO	Stopped listening on port 56572

###!!! [Child][RunMessage] Error: Channel closing: too late to send/recv, messages will be lost

[GPU 2832, C
###!!! [Child][MessageChannel::SendAndWait] Error: Channel error: cannot send/recv

 errors will be ignored for this session
1567905578601	Marionette	WARN	TimedPromise timed out after 500 ms: stacktrace:
bail@chrome://marionette/content/sync.js:237:64
popup@https://connect.facebook.net/en_US/sdk.js?hash=c5fb5163d11ade6c2bf8fa73e8a44584:149:8231
a@https://connect.facebook.net/en_US/sdk.js?hash=c5fb5163d11ade6c2bf8fa73e8a44584:150:1634
login@https://connect.facebook.net/en_US/sdk.js?hash=c5fb5163d11ade6c2bf8fa73e8a44584:151:1039
i/<@https://connect.facebook.net/en_US/sdk.js?hash=c5fb5163d11ade6c2bf8fa73e8a44584:113:1071
f/<@https://connect.facebook.net/en_US/sdk.js?hash=c5fb5163d11ade6c2bf8fa73e8a44584:111:288
e/</<@https://tinder.com/static/build/chunks/main-7f4c712628b37f8f169e.js:2:242802
e/<@https://tinder.com/static/build/chunks/main-7f4c712628b37f8f169e.js:2:242717
s@https://tinder.com/static/build/chunks/vendor-e07dfae1510c953ac888.js:8:106012
c/i._invoke</<@https://tinder.com/static/build/chunks/vendor-e07dfae1510c953ac888.js:8:105799
x/</t[e]@https://tinder.com/static/build/chunks/vendor-e07dfae1510c953ac888.js:8:106435
n@https://tinder.com/static/build/chunks/main-7f4c712628b37f8f169e.js:2:106974
o@https://tinder.com/static/build/chunks/main-7f4c712628b37f8f169e.js:2:107184
e.exports/</<@https://tinder.com/static/build/chunks/main-7f4c712628b37f8f169e.js:2:107243
e.exports/<@https://tinder.com/static/build/chunks/main-7f4c712628b37f8f169e.js:2:107125
y</<.value<@https://tinder.com/static/build/chunks/main-7f4c712628b37f8f169e.js:2:243185
e/<@https://tinder.com/static/build/chunks/main-7f4c712628b37f8f169e.js:2:45848
s@https://tinder.com/static/build/chunks/vendor-e07dfae1510c953ac888.js:8:106012
c/i._invoke</<@https://tinder.com/static/build/chunks/vendor-e07dfae1510c953ac888.js:8:105799
x/</t[e]@https://tinder.com/static/build/chunks/vendor-e07dfae1510c953ac888.js:8:106435
n@https://tinder.com/static/build/chunks/main-7f4c712628b37f8f169e.js:2:106974
o@https://tinder.com/static/build/chunks/main-7f4c712628b37f8f169e.js:2:107184
e.exports/</<@https://tinder.com/static/build/chunks/main-7f4c712628b37f8f169e.js:2:107243
e.exports/<@https://tinder.com/static/build/chunks/main-7f4c712628b37f8f169e.js:2:107125
J.login<@https://tinder.com/static/build/chunks/main-7f4c712628b37f8f169e.js:2:46178
e/<@https://tinder.com/static/build/chunks/main-7f4c712628b37f8f169e.js:2:40083
s@https://tinder.com/static/build/chunks/vendor-e07dfae1510c953ac888.js:8:106012
c/i._invoke</<@https://tinder.com/static/build/chunks/vendor-e07dfae1510c953ac888.js:8:105799
x/</t[e]@https://tinder.com/static/build/chunks/vendor-e07dfae1510c953ac888.js:8:106435
n@https://tinder.com/static/build/chunks/main-7f4c712628b37f8f169e.js:2:106974
o@https://tinder.com/static/build/chunks/main-7f4c712628b37f8f169e.js:2:107184
e.exports/</<@https://tinder.com/static/build/chunks/main-7f4c712628b37f8f169e.js:2:107243
e.exports/<@https://tinder.com/static/build/chunks/main-7f4c712628b37f8f169e.js:2:107125
N</<.value<@https://tinder.com/static/build/chunks/main-7f4c712628b37f8f169e.js:2:40921
R/<@https://tinder.com/static/build/chunks/vendor-e07dfae1510c953ac888.js:2:130591
R@https://tinder.com/static/build/chunks/vendor-e07dfae1510c953ac888.js:2:130693
N@https://tinder.com/static/build/chunks/vendor-e07dfae1510c953ac888.js:2:128585
y@https://tinder.com/static/build/chunks/vendor-e07dfae1510c953ac888.js:2:128252
L@https://tinder.com/static/build/chunks/vendor-e07dfae1510c953ac888.js:2:131896
R@https://tinder.com/static/build/chunks/vendor-e07dfae1510c953ac888.js:2:129569
N@https://tinder.com/static/build/chunks/vendor-e07dfae1510c953ac888.js:2:128585
w@https://tinder.com/static/build/chunks/vendor-e07dfae1510c953ac888.js:2:129364
R/<@https://tinder.com/static/build/chunks/vendor-e07dfae1510c953ac888.js:2:131334
R@https://tinder.com/static/build/chunks/vendor-e07dfae1510c953ac888.js:2:131358
N@https://tinder.com/static/build/chunks/vendor-e07dfae1510c953ac888.js:2:128585
w@https://tinder.com/static/build/chunks/vendor-e07dfae1510c953ac888.js:2:129364
R/<@https://tinder.com/static/build/chunks/vendor-e07dfae1510c953ac888.js:2:131334
R@https://tinder.com/static/build/chunks/vendor-e07dfae1510c953ac888.js:2:131358
N@https://tinder.com/static/build/chunks/vendor-e07dfae1510c953ac888.js:2:128585
w@https://tinder.com/static/build/chunks/vendor-e07dfae1510c953ac888.js:2:129364
R/<@https://tinder.com/static/build/chunks/vendor-e07dfae1510c953ac888.js:2:131334
R@https://tinder.com/static/build/chunks/vendor-e07dfae1510c953ac888.js:2:131358
N@https://tinder.com/static/build/chunks/vendor-e07dfae1510c953ac888.js:2:128585
w@https://tinder.com/static/build/chunks/vendor-e07dfae1510c953ac888.js:2:129364
R/<@https://tinder.com/static/build/chunks/vendor-e07dfae1510c953ac888.js:2:131334
R@https://tinder.com/static/build/chunks/vendor-e07dfae1510c953ac888.js:2:131358
N@https://tinder.com/static/build/chunks/vendor-e07dfae1510c953ac888.js:2:128585
w@https://tinder.com/static/build/chunks/vendor-e07dfae1510c953ac888.js:2:129364
R/<@https://tinder.com/static/build/chunks/vendor-e07dfae1510c953ac888.js:2:131334
R@https://tinder.com/static/build/chunks/vendor-e07dfae1510c953ac888.js:2:131358
N@https://tinder.com/static/build/chunks/vendor-e07dfae1510c953ac888.js:2:128585
y@https://tinder.com/static/build/chunks/vendor-e07dfae1510c953ac888.js:2:128252
L@https://tinder.com/static/build/chunks/vendor-e07dfae1510c953ac888.js:2:131896
R/<@https://tinder.com/static/build/chunks/vendor-e07dfae1510c953ac888.js:2:130671
R@https://tinder.com/static/build/chunks/vendor-e07dfae1510c953ac888.js:2:130693
N@https://tinder.com/static/build/chunks/vendor-e07dfae1510c953ac888.js:2:128585
y@https://tinder.com/static/build/chunks/vendor-e07dfae1510c953ac888.js:2:128252
z@https://tinder.com/static/build/chunks/vendor-e07dfae1510c953ac888.js:2:132319
R@https://tinder.com/static/build/chunks/vendor-e07dfae1510c953ac888.js:2:130943
N@https://tinder.com/static/build/chunks/vendor-e07dfae1510c953ac888.js:2:128585
w@https://tinder.com/static/build/chunks/vendor-e07dfae1510c953ac888.js:2:129364
u@https://tinder.com/static/build/chunks/vendor-e07dfae1510c953ac888.js:2:129754
put@https://tinder.com/static/build/chunks/vendor-e07dfae1510c953ac888.js:2:155704
p/s<@https://tinder.com/static/build/chunks/vendor-e07dfae1510c953ac888.js:2:156081
d/e</</<@https://tinder.com/static/build/chunks/vendor-e07dfae1510c953ac888.js:2:156353
i@https://tinder.com/static/build/chunks/vendor-e07dfae1510c953ac888.js:2:183510
s@https://tinder.com/static/build/chunks/vendor-e07dfae1510c953ac888.js:2:183660
u@https://tinder.com/static/build/chunks/vendor-e07dfae1510c953ac888.js:2:183559
d/e</<@https://tinder.com/static/build/chunks/vendor-e07dfae1510c953ac888.js:2:156333
emit@https://tinder.com/static/build/chunks/vendor-e07dfae1510c953ac888.js:2:154709
s/</<@https://tinder.com/static/build/chunks/vendor-e07dfae1510c953ac888.js:2:134876
l/<@https://tinder.com/static/build/chunks/vendor-e07dfae1510c953ac888.js:2:166829
e/<@https://tinder.com/static/build/chunks/FacebookLoginButton-c7584feca28641f7728b.js:2:804
w/<@https://tinder.com/static/build/chunks/vendor-e07dfae1510c953ac888.js:24:1153
w@https://tinder.com/static/build/chunks/vendor-e07dfae1510c953ac888.js:24:1191
S/<@https://tinder.com/static/build/chunks/vendor-e07dfae1510c953ac888.js:24:1338
S@https://tinder.com/static/build/chunks/vendor-e07dfae1510c953ac888.js:24:1425
T@https://tinder.com/static/build/chunks/vendor-e07dfae1510c953ac888.js:24:1851
k@https://tinder.com/static/build/chunks/vendor-e07dfae1510c953ac888.js:24:1686
I@https://tinder.com/static/build/chunks/vendor-e07dfae1510c953ac888.js:24:2034
Pn@https://tinder.com/static/build/chunks/vendor-e07dfae1510c953ac888.js:24:31068
Dn@https://tinder.com/static/build/chunks/vendor-e07dfae1510c953ac888.js:24:31656
e.unstable_runWithPriority@https://tinder.com/static/build/chunks/vendor-e07dfae1510c953ac888.js:32:3884
so@https://tinder.com/static/build/chunks/vendor-e07dfae1510c953ac888.js:24:41542
Ra@https://tinder.com/static/build/chunks/vendor-e07dfae1510c953ac888.js:24:80058
Rn/r<@https://tinder.com/static/build/chunks/vendor-e07dfae1510c953ac888.js:24:31207
event.synthesizeMouseAtPoint@chrome://marionette/content/event.js:213:14
webdriverClickElement@chrome://marionette/content/interaction.js:192:11
JavaScript error: resource:///modules/UrlbarInput.jsm, line 235: TypeError: this._inputFieldEvents is undefined
1567905628127	mozrunner::runner	INFO	Running command: "C:\\Program Files\\Mozilla Firefox\\firefox.exe" "-marionette" "-foreground" "-no-remote" "-profile" "C:\\Users\\qpmch\\AppData\\Local\\Temp\\rust_mozprofile.Zl7Zg1uDT974"
1567905628748	addons.webextension.screenshots@mozilla.org	WARN	Loading extension 'screenshots@mozilla.org': Reading manifest: Invalid extension permission: mozillaAddons
1567905628748	addons.webextension.screenshots@mozilla.org	WARN	Loading extension 'screenshots@mozilla.org': Reading manifest: Invalid extension permission: telemetry
1567905628749	addons.webextension.screenshots@mozilla.org	WARN	Loading extension 'screenshots@mozilla.org': Reading manifest: Invalid extension permission: resource://pdf.js/
1567905628749	addons.webextension.screenshots@mozilla.org	WARN	Loading extension 'screenshots@mozilla.org': Reading manifest: Invalid extension permission: about:reader*
JavaScript error: resource://gre/modules/XULStore.jsm, line 66: Error: Can't find profile directory.
1567905631964	Marionette	INFO	Listening on port 56781
1567905632448	Marionette	WARN	TLS certificate errors will be ignored for this session
[Child 6152, Chrome_ChildThread] WARNING: pipe error: 109: file z:/task_1566864336/build/src/ipc/chromium/src/chrome/common/ipc_channel_win.cc, line 341
[Child [Child 13716, Chrome_ChildThread] WARNING: pipe error: 109: file z:/task_1566864336/build/src/ipc/chromium/src/chrome/common/ipc_channel_win.cc, line 341
[Child 13716, Chrome_ChildThread] WARNING: pipe error: 109: file z:/task_1566864336/build/src/ipc/chromium/src/chrome/common/ipc_channel_win.cc, line 341
[Parent 13268, Gecko_IOThread] WARNING: pipe error: 109: file z:/task_1566864336/build/src/ipc/chromium/src/chrome/common/ipc_channel_win.cc, line 341
1567905695091	Marionette	INFO	Stopped listening on port 56781

###!!! [Child][RunMessage] Error: Channel closing: too late to send/recv, messages will be lost

[GPU 923
###!!! [Child][MessageChannel::SendAndWait] Error: Channel error: cannot send/recv

n permission: about:reader*
JavaScript error: resource://gre/modules/XULStore.jsm, line 66: Error: Can't find profile directory.
1567905640225	Marionette	INFO	Listening on port 56815
1567905640281	Marionette	WARN	TLS certificate errors will be ignored for this session
[Parent 17384, Gecko_IOThread] WARNING: pipe error: 109: file z:/task_1566864336/build/src/ipc/chromium/src/chrome/common/ipc_channel_win.cc, line 341
[Child 4932, Chrome_ChildThread] WARNING: pipe error: 109: file z:/task_1566864336/build/src/ipc/chromium/src/chrome/common/ipc_channel_win.cc, line 341
[Child 4932, Ch[Child 11960, Chrome_ChildThread] WARNING: pipe error: 109: file z:/task_1566864336/build/src/ipc/chromium/src/chrome/common/ipc_channel_win.cc, line 341
[Child 11960, Chrome_ChildThread] WARNING: pipe error: 109: file z:/t[Parent 17384, Gecko_IOThread] WARNING: pipe error: 109: file z:/task_1566864336/build/src/ipc/chromium/src/chrome/common/ipc_channel_win.cc, line 341
[Child 18276, Chrome_ChildThread] WARNING: pipe error: 109: file z:/task_1566864336/build/src/ipc/chromium/src/chrome/common/ipc_channel_win.cc, line 341
[Child [Child 11736, Chrome_ChildThread] WARNING: pipe error: 109: file z:/task_1566864336/build/src/ipc/chromium/src/chrome/common/ipc_channel_win.cc, line 341
[Child 11736, Chrome_ChildThread] WARNING: pipe error: 109: file z:/task_1566864336/build/src/ipc/chromium/src/chrome/common1567906088484	Marionette	INFO	Stopped listening on port 56815

###!!! [Child][RunMessage] Error: Channel closing: too late to send/recv, messages will be lost


###!!! [Child][MessageChannel::SendAndWait] Error: Channel error: cannot send/recv

